<?xml version="1.0" encoding="UTF-8"?>
<!-- Generated by org.testng.reporters.JUnitReportReporter -->
<testsuite skipped="0" hostname="Nadiya-PC" name="FrameWork.selenium.testng.OpenRozetkaHome" tests="1" failures="0" timestamp="02 лют. 2018 08:06:52 GMT" time="50.851" errors="0">
  <testcase name="OpenRozetkaHome" time="50.851" classname="FrameWork.selenium.testng.OpenRozetkaHome"/>
</testsuite> <!-- FrameWork.selenium.testng.OpenRozetkaHome -->
