<?xml version="1.0" encoding="UTF-8"?>
<!-- Generated by org.testng.reporters.JUnitReportReporter -->
<testsuite skipped="0" hostname="Nadiya-PC" name="FrameWork.selenium.testng.Tests.CheckRozetkaSearch" tests="2" failures="0" timestamp="03 лют. 2018 08:08:25 GMT" time="72.722" errors="0">
  <testcase name="CheckRozetkaSearch" time="24.575" classname="FrameWork.selenium.testng.Tests.CheckRozetkaSearch"/>
  <testcase name="CheckRozetkaSearch" time="48.147" classname="FrameWork.selenium.testng.Tests.CheckRozetkaSearch"/>
</testsuite> <!-- FrameWork.selenium.testng.Tests.CheckRozetkaSearch -->
